[INFO ] 2018-07-30 09:05:48 [main] c.a.s.SpringBoot03LoggingApplication - Starting SpringBoot03LoggingApplication on Renlei213 with PID 5427 (/usr/local/idea-program/spring-boot-03-logging/target/classes started by oz in /usr/local/idea-program/spring-boot-03-logging)
[INFO ] 2018-07-30 09:05:48 [main] c.a.s.SpringBoot03LoggingApplication - No active profile set, falling back to default profiles: default
[INFO ] 2018-07-30 09:05:48 [main] o.s.b.c.e.AnnotationConfigEmbeddedWebApplicationContext - Refreshing org.springframework.boot.context.embedded.AnnotationConfigEmbeddedWebApplicationContext@7a4ccb53: startup date [Mon Jul 30 09:05:48 CST 2018]; root of context hierarchy
[INFO ] 2018-07-30 09:05:48 [background-preinit] o.h.validator.internal.util.Version - HV000001: Hibernate Validator 5.3.6.Final
[INFO ] 2018-07-30 09:05:48 [main] o.s.b.c.e.t.TomcatEmbeddedServletContainer - Tomcat initialized with port(s): 8080 (http)
[INFO ] 2018-07-30 09:05:48 [main] o.a.coyote.http11.Http11NioProtocol - Initializing ProtocolHandler ["http-nio-8080"]
[INFO ] 2018-07-30 09:05:48 [main] o.a.catalina.core.StandardService - Starting service [Tomcat]
[INFO ] 2018-07-30 09:05:48 [main] o.a.catalina.core.StandardEngine - Starting Servlet Engine: Apache Tomcat/8.5.31
[INFO ] 2018-07-30 09:05:48 [localhost-startStop-1] o.a.c.c.C.[Tomcat].[localhost].[/] - Initializing Spring embedded WebApplicationContext
[INFO ] 2018-07-30 09:05:48 [localhost-startStop-1] o.s.web.context.ContextLoader - Root WebApplicationContext: initialization completed in 2014 ms
[INFO ] 2018-07-30 09:05:48 [localhost-startStop-1] o.s.b.w.s.ServletRegistrationBean - Mapping servlet: 'dispatcherServlet' to [/]
[INFO ] 2018-07-30 09:05:48 [localhost-startStop-1] o.s.b.w.s.FilterRegistrationBean - Mapping filter: 'characterEncodingFilter' to: [/*]
[INFO ] 2018-07-30 09:05:48 [localhost-startStop-1] o.s.b.w.s.FilterRegistrationBean - Mapping filter: 'hiddenHttpMethodFilter' to: [/*]
[INFO ] 2018-07-30 09:05:48 [localhost-startStop-1] o.s.b.w.s.FilterRegistrationBean - Mapping filter: 'httpPutFormContentFilter' to: [/*]
[INFO ] 2018-07-30 09:05:48 [localhost-startStop-1] o.s.b.w.s.FilterRegistrationBean - Mapping filter: 'requestContextFilter' to: [/*]
[INFO ] 2018-07-30 09:05:48 [main] o.s.w.s.m.m.a.RequestMappingHandlerAdapter - Looking for @ControllerAdvice: org.springframework.boot.context.embedded.AnnotationConfigEmbeddedWebApplicationContext@7a4ccb53: startup date [Mon Jul 30 09:05:48 CST 2018]; root of context hierarchy
[INFO ] 2018-07-30 09:05:48 [main] o.s.w.s.m.m.a.RequestMappingHandlerMapping - Mapped "{[/error],produces=[text/html]}" onto public org.springframework.web.servlet.ModelAndView org.springframework.boot.autoconfigure.web.BasicErrorController.errorHtml(javax.servlet.http.HttpServletRequest,javax.servlet.http.HttpServletResponse)
[INFO ] 2018-07-30 09:05:48 [main] o.s.w.s.m.m.a.RequestMappingHandlerMapping - Mapped "{[/error]}" onto public org.springframework.http.ResponseEntity<java.util.Map<java.lang.String, java.lang.Object>> org.springframework.boot.autoconfigure.web.BasicErrorController.error(javax.servlet.http.HttpServletRequest)
[INFO ] 2018-07-30 09:05:48 [main] o.s.w.s.h.SimpleUrlHandlerMapping - Mapped URL path [/webjars/**] onto handler of type [class org.springframework.web.servlet.resource.ResourceHttpRequestHandler]
[INFO ] 2018-07-30 09:05:48 [main] o.s.w.s.h.SimpleUrlHandlerMapping - Mapped URL path [/**] onto handler of type [class org.springframework.web.servlet.resource.ResourceHttpRequestHandler]
[INFO ] 2018-07-30 09:05:48 [main] o.s.w.s.h.SimpleUrlHandlerMapping - Mapped URL path [/**/favicon.ico] onto handler of type [class org.springframework.web.servlet.resource.ResourceHttpRequestHandler]
[INFO ] 2018-07-30 09:05:48 [main] o.s.j.e.a.AnnotationMBeanExporter - Registering beans for JMX exposure on startup
[INFO ] 2018-07-30 09:05:48 [main] o.a.coyote.http11.Http11NioProtocol - Starting ProtocolHandler ["http-nio-8080"]
[INFO ] 2018-07-30 09:05:48 [main] o.a.tomcat.util.net.NioSelectorPool - Using a shared selector for servlet write/read
[INFO ] 2018-07-30 09:05:48 [main] o.s.b.c.e.t.TomcatEmbeddedServletContainer - Tomcat started on port(s): 8080 (http)
[INFO ] 2018-07-30 09:05:48 [main] c.a.s.SpringBoot03LoggingApplication - Started SpringBoot03LoggingApplication in 3.593 seconds (JVM running for 5.818)
[INFO ] 2018-07-30 09:05:48 [Thread-11] o.s.b.c.e.AnnotationConfigEmbeddedWebApplicationContext - Closing org.springframework.boot.context.embedded.AnnotationConfigEmbeddedWebApplicationContext@7a4ccb53: startup date [Mon Jul 30 09:05:48 CST 2018]; root of context hierarchy
[INFO ] 2018-07-30 09:05:48 [Thread-11] o.s.j.e.a.AnnotationMBeanExporter - Unregistering JMX-exposed beans on shutdown
[INFO ] 2018-07-30 09:21:48 [main] c.a.s.SpringBoot03LoggingApplication - Starting SpringBoot03LoggingApplication on Renlei213 with PID 6284 (/usr/local/idea-program/spring-boot-03-logging/target/classes started by oz in /usr/local/idea-program/spring-boot-03-logging)
[INFO ] 2018-07-30 09:21:48 [main] c.a.s.SpringBoot03LoggingApplication - No active profile set, falling back to default profiles: default
[INFO ] 2018-07-30 09:21:48 [main] o.s.b.c.e.AnnotationConfigEmbeddedWebApplicationContext - Refreshing org.springframework.boot.context.embedded.AnnotationConfigEmbeddedWebApplicationContext@61dd025: startup date [Mon Jul 30 09:21:49 CST 2018]; root of context hierarchy
[INFO ] 2018-07-30 09:21:48 [background-preinit] o.h.validator.internal.util.Version - HV000001: Hibernate Validator 5.3.6.Final
[INFO ] 2018-07-30 09:21:48 [main] o.s.b.c.e.t.TomcatEmbeddedServletContainer - Tomcat initialized with port(s): 8080 (http)
[INFO ] 2018-07-30 09:21:48 [main] o.a.coyote.http11.Http11NioProtocol - Initializing ProtocolHandler ["http-nio-8080"]
[INFO ] 2018-07-30 09:21:48 [main] o.a.catalina.core.StandardService - Starting service [Tomcat]
[INFO ] 2018-07-30 09:21:48 [main] o.a.catalina.core.StandardEngine - Starting Servlet Engine: Apache Tomcat/8.5.31
[INFO ] 2018-07-30 09:21:48 [localhost-startStop-1] o.a.c.c.C.[Tomcat].[localhost].[/] - Initializing Spring embedded WebApplicationContext
[INFO ] 2018-07-30 09:21:48 [localhost-startStop-1] o.s.web.context.ContextLoader - Root WebApplicationContext: initialization completed in 2539 ms
[INFO ] 2018-07-30 09:21:48 [localhost-startStop-1] o.s.b.w.s.ServletRegistrationBean - Mapping servlet: 'dispatcherServlet' to [/]
[INFO ] 2018-07-30 09:21:48 [localhost-startStop-1] o.s.b.w.s.FilterRegistrationBean - Mapping filter: 'characterEncodingFilter' to: [/*]
[INFO ] 2018-07-30 09:21:48 [localhost-startStop-1] o.s.b.w.s.FilterRegistrationBean - Mapping filter: 'hiddenHttpMethodFilter' to: [/*]
[INFO ] 2018-07-30 09:21:48 [localhost-startStop-1] o.s.b.w.s.FilterRegistrationBean - Mapping filter: 'httpPutFormContentFilter' to: [/*]
[INFO ] 2018-07-30 09:21:48 [localhost-startStop-1] o.s.b.w.s.FilterRegistrationBean - Mapping filter: 'requestContextFilter' to: [/*]
[INFO ] 2018-07-30 09:21:48 [main] o.s.w.s.m.m.a.RequestMappingHandlerAdapter - Looking for @ControllerAdvice: org.springframework.boot.context.embedded.AnnotationConfigEmbeddedWebApplicationContext@61dd025: startup date [Mon Jul 30 09:21:49 CST 2018]; root of context hierarchy
[INFO ] 2018-07-30 09:21:48 [main] o.s.w.s.m.m.a.RequestMappingHandlerMapping - Mapped "{[/error],produces=[text/html]}" onto public org.springframework.web.servlet.ModelAndView org.springframework.boot.autoconfigure.web.BasicErrorController.errorHtml(javax.servlet.http.HttpServletRequest,javax.servlet.http.HttpServletResponse)
[INFO ] 2018-07-30 09:21:48 [main] o.s.w.s.m.m.a.RequestMappingHandlerMapping - Mapped "{[/error]}" onto public org.springframework.http.ResponseEntity<java.util.Map<java.lang.String, java.lang.Object>> org.springframework.boot.autoconfigure.web.BasicErrorController.error(javax.servlet.http.HttpServletRequest)
[INFO ] 2018-07-30 09:21:48 [main] o.s.w.s.h.SimpleUrlHandlerMapping - Mapped URL path [/webjars/**] onto handler of type [class org.springframework.web.servlet.resource.ResourceHttpRequestHandler]
[INFO ] 2018-07-30 09:21:48 [main] o.s.w.s.h.SimpleUrlHandlerMapping - Mapped URL path [/**] onto handler of type [class org.springframework.web.servlet.resource.ResourceHttpRequestHandler]
[INFO ] 2018-07-30 09:21:48 [main] o.s.w.s.h.SimpleUrlHandlerMapping - Mapped URL path [/**/favicon.ico] onto handler of type [class org.springframework.web.servlet.resource.ResourceHttpRequestHandler]
[INFO ] 2018-07-30 09:21:48 [main] o.s.j.e.a.AnnotationMBeanExporter - Registering beans for JMX exposure on startup
[INFO ] 2018-07-30 09:21:48 [main] o.a.coyote.http11.Http11NioProtocol - Starting ProtocolHandler ["http-nio-8080"]
[INFO ] 2018-07-30 09:21:48 [main] o.a.tomcat.util.net.NioSelectorPool - Using a shared selector for servlet write/read
[INFO ] 2018-07-30 09:21:48 [main] o.s.b.c.e.t.TomcatEmbeddedServletContainer - Tomcat started on port(s): 8080 (http)
[INFO ] 2018-07-30 09:21:48 [main] c.a.s.SpringBoot03LoggingApplication - Started SpringBoot03LoggingApplication in 4.349 seconds (JVM running for 5.313)
[INFO ] 2018-07-30 09:21:48 [Thread-11] o.s.b.c.e.AnnotationConfigEmbeddedWebApplicationContext - Closing org.springframework.boot.context.embedded.AnnotationConfigEmbeddedWebApplicationContext@61dd025: startup date [Mon Jul 30 09:21:49 CST 2018]; root of context hierarchy
[INFO ] 2018-07-30 09:21:48 [Thread-11] o.s.j.e.a.AnnotationMBeanExporter - Unregistering JMX-exposed beans on shutdown
[INFO ] 2018-07-30 09:22:54 [main] c.a.s.SpringBoot03LoggingApplication - Starting SpringBoot03LoggingApplication on Renlei213 with PID 6462 (/usr/local/idea-program/spring-boot-03-logging/target/classes started by oz in /usr/local/idea-program/spring-boot-03-logging)
[INFO ] 2018-07-30 09:22:54 [main] c.a.s.SpringBoot03LoggingApplication - The following profiles are active: dev
[INFO ] 2018-07-30 09:22:54 [main] o.s.b.c.e.AnnotationConfigEmbeddedWebApplicationContext - Refreshing org.springframework.boot.context.embedded.AnnotationConfigEmbeddedWebApplicationContext@1ffe63b9: startup date [Mon Jul 30 09:22:54 CST 2018]; root of context hierarchy
[INFO ] 2018-07-30 09:22:54 [background-preinit] o.h.validator.internal.util.Version - HV000001: Hibernate Validator 5.3.6.Final
[INFO ] 2018-07-30 09:22:54 [main] o.s.b.c.e.t.TomcatEmbeddedServletContainer - Tomcat initialized with port(s): 8080 (http)
[INFO ] 2018-07-30 09:22:54 [main] o.a.coyote.http11.Http11NioProtocol - Initializing ProtocolHandler ["http-nio-8080"]
[INFO ] 2018-07-30 09:22:54 [main] o.a.catalina.core.StandardService - Starting service [Tomcat]
[INFO ] 2018-07-30 09:22:54 [main] o.a.catalina.core.StandardEngine - Starting Servlet Engine: Apache Tomcat/8.5.31
[INFO ] 2018-07-30 09:22:54 [localhost-startStop-1] o.a.c.c.C.[Tomcat].[localhost].[/] - Initializing Spring embedded WebApplicationContext
[INFO ] 2018-07-30 09:22:54 [localhost-startStop-1] o.s.web.context.ContextLoader - Root WebApplicationContext: initialization completed in 2090 ms
[INFO ] 2018-07-30 09:22:54 [localhost-startStop-1] o.s.b.w.s.ServletRegistrationBean - Mapping servlet: 'dispatcherServlet' to [/]
[INFO ] 2018-07-30 09:22:54 [localhost-startStop-1] o.s.b.w.s.FilterRegistrationBean - Mapping filter: 'characterEncodingFilter' to: [/*]
[INFO ] 2018-07-30 09:22:54 [localhost-startStop-1] o.s.b.w.s.FilterRegistrationBean - Mapping filter: 'hiddenHttpMethodFilter' to: [/*]
[INFO ] 2018-07-30 09:22:54 [localhost-startStop-1] o.s.b.w.s.FilterRegistrationBean - Mapping filter: 'httpPutFormContentFilter' to: [/*]
[INFO ] 2018-07-30 09:22:54 [localhost-startStop-1] o.s.b.w.s.FilterRegistrationBean - Mapping filter: 'requestContextFilter' to: [/*]
[INFO ] 2018-07-30 09:22:54 [main] o.s.w.s.m.m.a.RequestMappingHandlerAdapter - Looking for @ControllerAdvice: org.springframework.boot.context.embedded.AnnotationConfigEmbeddedWebApplicationContext@1ffe63b9: startup date [Mon Jul 30 09:22:54 CST 2018]; root of context hierarchy
[INFO ] 2018-07-30 09:22:54 [main] o.s.w.s.m.m.a.RequestMappingHandlerMapping - Mapped "{[/error],produces=[text/html]}" onto public org.springframework.web.servlet.ModelAndView org.springframework.boot.autoconfigure.web.BasicErrorController.errorHtml(javax.servlet.http.HttpServletRequest,javax.servlet.http.HttpServletResponse)
[INFO ] 2018-07-30 09:22:54 [main] o.s.w.s.m.m.a.RequestMappingHandlerMapping - Mapped "{[/error]}" onto public org.springframework.http.ResponseEntity<java.util.Map<java.lang.String, java.lang.Object>> org.springframework.boot.autoconfigure.web.BasicErrorController.error(javax.servlet.http.HttpServletRequest)
[INFO ] 2018-07-30 09:22:54 [main] o.s.w.s.h.SimpleUrlHandlerMapping - Mapped URL path [/webjars/**] onto handler of type [class org.springframework.web.servlet.resource.ResourceHttpRequestHandler]
[INFO ] 2018-07-30 09:22:54 [main] o.s.w.s.h.SimpleUrlHandlerMapping - Mapped URL path [/**] onto handler of type [class org.springframework.web.servlet.resource.ResourceHttpRequestHandler]
[INFO ] 2018-07-30 09:22:54 [main] o.s.w.s.h.SimpleUrlHandlerMapping - Mapped URL path [/**/favicon.ico] onto handler of type [class org.springframework.web.servlet.resource.ResourceHttpRequestHandler]
[INFO ] 2018-07-30 09:22:54 [main] o.s.j.e.a.AnnotationMBeanExporter - Registering beans for JMX exposure on startup
[INFO ] 2018-07-30 09:22:54 [main] o.a.coyote.http11.Http11NioProtocol - Starting ProtocolHandler ["http-nio-8080"]
[INFO ] 2018-07-30 09:22:54 [main] o.a.tomcat.util.net.NioSelectorPool - Using a shared selector for servlet write/read
[INFO ] 2018-07-30 09:22:54 [main] o.s.b.c.e.t.TomcatEmbeddedServletContainer - Tomcat started on port(s): 8080 (http)
[INFO ] 2018-07-30 09:22:54 [main] c.a.s.SpringBoot03LoggingApplication - Started SpringBoot03LoggingApplication in 3.98 seconds (JVM running for 5.023)
[INFO ] 2018-07-30 09:22:54 [Thread-11] o.s.b.c.e.AnnotationConfigEmbeddedWebApplicationContext - Closing org.springframework.boot.context.embedded.AnnotationConfigEmbeddedWebApplicationContext@1ffe63b9: startup date [Mon Jul 30 09:22:54 CST 2018]; root of context hierarchy
[INFO ] 2018-07-30 09:22:54 [Thread-11] o.s.j.e.a.AnnotationMBeanExporter - Unregistering JMX-exposed beans on shutdown
